#
# There is insufficient memory for the Java Runtime Environment to continue.
# Native memory allocation (malloc) failed to allocate 3370240 bytes for Chunk::new
# Possible reasons:
#   The system is out of physical RAM or swap space
#   The process is running with CompressedOops enabled, and the Java Heap may be blocking the growth of the native heap
# Possible solutions:
#   Reduce memory load on the system
#   Increase physical memory or swap space
#   Check if swap backing store is full
#   Decrease Java heap size (-Xmx/-Xms)
#   Decrease number of Java threads
#   Decrease Java thread stack sizes (-Xss)
#   Set larger code cache with -XX:ReservedCodeCacheSize=
#   JVM is running with Unscaled Compressed Oops mode in which the Java heap is
#     placed in the first 4GB address space. The Java Heap base address is the
#     maximum limit for the native heap growth. Please use -XX:HeapBaseMinAddress
#     to set the Java Heap base and to place the Java Heap above 4GB virtual address.
# This output file may be truncated or incomplete.
#
#  Out of Memory Error (arena.cpp:195), pid=14352, tid=2824
#
# JRE version: Java(TM) SE Runtime Environment (16.0.2+7) (build 16.0.2+7-67)
# Java VM: Java HotSpot(TM) 64-Bit Server VM (16.0.2+7-67, mixed mode, sharing, tiered, compressed oops, compressed class ptrs, g1 gc, windows-amd64)
# No core dump will be written. Minidumps are not enabled by default on client versions of Windows
#

---------------  S U M M A R Y ------------

Command Line: --module-path=C:\Users\redol\Documents\NetBeansProjects\ProyectoAula\target\classes;C:\Users\redol\.m2\repository\io\github\typhon0\AnimateFX\1.3.0\AnimateFX-1.3.0.jar;C:\Users\redol\.m2\repository\org\openjfx\javafx-base\13\javafx-base-13-win.jar;C:\Users\redol\.m2\repository\org\openjfx\javafx-controls\13\javafx-controls-13-win.jar;C:\Users\redol\.m2\repository\org\openjfx\javafx-fxml\13\javafx-fxml-13-win.jar;C:\Users\redol\.m2\repository\org\openjfx\javafx-graphics\13\javafx-graphics-13-win.jar --add-modules=com.mycompany.proyectoaula -Djdk.module.main=com.mycompany.proyectoaula com.mycompany.proyectoaula/com.mycompany.proyectoaula.App

Host: AMD Ryzen 5 3500U with Radeon Vega Mobile Gfx  , 8 cores, 5G,  Windows 10 , 64 bit Build 19041 (10.0.19041.3636)
Time: Mon Jun 17 05:32:28 2024 Hora est. Pacífico, Sudamérica elapsed time: 9.694065 seconds (0d 0h 0m 9s)

---------------  T H R E A D  ---------------

Current thread (0x000001b92bb122d0):  JavaThread "C2 CompilerThread0" daemon [_thread_in_native, id=2824, stack(0x0000003b3c400000,0x0000003b3c500000)]


Current CompileTask:
C2:   9694 5148       4       com.sun.prism.impl.ps.BaseShaderGraphics::renderGeneralRoundedPgram (1190 bytes)

Stack: [0x0000003b3c400000,0x0000003b3c500000]
Native frames: (J=compiled Java code, j=interpreted, Vv=VM code, C=native code)
V  [jvm.dll+0x6681ca]
V  [jvm.dll+0x7c9e69]
V  [jvm.dll+0x7cb61e]
V  [jvm.dll+0x7cbc73]
V  [jvm.dll+0x242c55]
V  [jvm.dll+0xadeba]
V  [jvm.dll+0xae45c]
V  [jvm.dll+0x35a8d7]
V  [jvm.dll+0x1b9cc1]
V  [jvm.dll+0x215e16]
V  [jvm.dll+0x215100]
V  [jvm.dll+0x1a1beb]
V  [jvm.dll+0x225158]
V  [jvm.dll+0x22319c]
V  [jvm.dll+0x77fa62]
V  [jvm.dll+0x7795aa]
V  [jvm.dll+0x667066]
C  [ucrtbase.dll+0x21bb2]
C  [KERNEL32.DLL+0x17344]
C  [ntdll.dll+0x4cc91]


---------------  P R O C E S S  ---------------

Threads class SMR info:
_java_thread_list=0x000001b932be0870, length=19, elements={
0x000001b90edf3730, 0x000001b92baf8440, 0x000001b92baf9300, 0x000001b92bb0b480,
0x000001b92bb0c080, 0x000001b92bb0eb90, 0x000001b92bb0f590, 0x000001b92bb122d0,
0x000001b92bb12dc0, 0x000001b92bb17290, 0x000001b90eec5de0, 0x000001b92c754600,
0x000001b92cb5c1e0, 0x000001b92ccc5010, 0x000001b92cd42fc0, 0x000001b92cee5950,
0x000001b92cf1a130, 0x000001b92d0ac5d0, 0x000001b92d0ab5e0
}

Java Threads: ( => current thread )
  0x000001b90edf3730 JavaThread "main" [_thread_blocked, id=9764, stack(0x0000003b3b700000,0x0000003b3b800000)]
  0x000001b92baf8440 JavaThread "Reference Handler" daemon [_thread_blocked, id=9820, stack(0x0000003b3be00000,0x0000003b3bf00000)]
  0x000001b92baf9300 JavaThread "Finalizer" daemon [_thread_blocked, id=6540, stack(0x0000003b3bf00000,0x0000003b3c000000)]
  0x000001b92bb0b480 JavaThread "Signal Dispatcher" daemon [_thread_blocked, id=4912, stack(0x0000003b3c000000,0x0000003b3c100000)]
  0x000001b92bb0c080 JavaThread "Attach Listener" daemon [_thread_blocked, id=16532, stack(0x0000003b3c100000,0x0000003b3c200000)]
  0x000001b92bb0eb90 JavaThread "Service Thread" daemon [_thread_blocked, id=1904, stack(0x0000003b3c200000,0x0000003b3c300000)]
  0x000001b92bb0f590 JavaThread "Monitor Deflation Thread" daemon [_thread_blocked, id=2576, stack(0x0000003b3c300000,0x0000003b3c400000)]
=>0x000001b92bb122d0 JavaThread "C2 CompilerThread0" daemon [_thread_in_native, id=2824, stack(0x0000003b3c400000,0x0000003b3c500000)]
  0x000001b92bb12dc0 JavaThread "C1 CompilerThread0" daemon [_thread_blocked, id=10988, stack(0x0000003b3c500000,0x0000003b3c600000)]
  0x000001b92bb17290 JavaThread "Sweeper thread" daemon [_thread_blocked, id=2520, stack(0x0000003b3c600000,0x0000003b3c700000)]
  0x000001b90eec5de0 JavaThread "Common-Cleaner" daemon [_thread_blocked, id=13132, stack(0x0000003b3c700000,0x0000003b3c800000)]
  0x000001b92c754600 JavaThread "Notification Thread" daemon [_thread_blocked, id=11832, stack(0x0000003b3c800000,0x0000003b3c900000)]
  0x000001b92cb5c1e0 JavaThread "QuantumRenderer-0" daemon [_thread_in_native, id=5804, stack(0x0000003b3ca00000,0x0000003b3cb00000)]
  0x000001b92ccc5010 JavaThread "InvokeLaterDispatcher" daemon [_thread_blocked, id=16128, stack(0x0000003b3cd00000,0x0000003b3ce00000)]
  0x000001b92cd42fc0 JavaThread "JavaFX Application Thread" [_thread_blocked, id=15176, stack(0x0000003b3ce00000,0x0000003b3cf00000)]
  0x000001b92cee5950 JavaThread "Thread-1" daemon [_thread_in_native, id=14508, stack(0x0000003b3d500000,0x0000003b3d600000)]
  0x000001b92cf1a130 JavaThread "JavaFX-Launcher" [_thread_blocked, id=16408, stack(0x0000003b3d600000,0x0000003b3d700000)]
  0x000001b92d0ac5d0 JavaThread "Prism Font Disposer" daemon [_thread_blocked, id=9768, stack(0x0000003b3dd00000,0x0000003b3de00000)]
  0x000001b92d0ab5e0 JavaThread "Cleaner-0" daemon [_thread_blocked, id=9224, stack(0x0000003b3e000000,0x0000003b3e100000)]

Other Threads:
  0x000001b92baf07d0 VMThread "VM Thread" [stack: 0x0000003b3bd00000,0x0000003b3be00000] [id=11640]
  0x000001b92c754b20 WatcherThread [stack: 0x0000003b3c900000,0x0000003b3ca00000] [id=13708]
  0x000001b90ee2ba60 GCTaskThread "GC Thread#0" [stack: 0x0000003b3b800000,0x0000003b3b900000] [id=13172]
  0x000001b92cf4ac30 GCTaskThread "GC Thread#1" [stack: 0x0000003b3d700000,0x0000003b3d800000] [id=8560]
  0x000001b92cf4af40 GCTaskThread "GC Thread#2" [stack: 0x0000003b3d800000,0x0000003b3d900000] [id=15060]
  0x000001b92cf4b250 GCTaskThread "GC Thread#3" [stack: 0x0000003b3d900000,0x0000003b3da00000] [id=9708]
  0x000001b92cf869e0 GCTaskThread "GC Thread#4" [stack: 0x0000003b3da00000,0x0000003b3db00000] [id=12284]
  0x000001b92cf86cf0 GCTaskThread "GC Thread#5" [stack: 0x0000003b3db00000,0x0000003b3dc00000] [id=8228]
  0x000001b932af3700 GCTaskThread "GC Thread#6" [stack: 0x0000003b3de00000,0x0000003b3df00000] [id=8148]
  0x000001b932af3a10 GCTaskThread "GC Thread#7" [stack: 0x0000003b3df00000,0x0000003b3e000000] [id=12180]
  0x000001b90ee38920 ConcurrentGCThread "G1 Main Marker" [stack: 0x0000003b3b900000,0x0000003b3ba00000] [id=8168]
  0x000001b90ee39390 ConcurrentGCThread "G1 Conc#0" [stack: 0x0000003b3ba00000,0x0000003b3bb00000] [id=6756]
  0x000001b9331019a0 ConcurrentGCThread "G1 Conc#1" [stack: 0x0000003b3e300000,0x0000003b3e400000] [id=16968]
  0x000001b90eeb2940 ConcurrentGCThread "G1 Refine#0" [stack: 0x0000003b3bb00000,0x0000003b3bc00000] [id=4220]
  0x000001b90eeb33c0 ConcurrentGCThread "G1 Service" [stack: 0x0000003b3bc00000,0x0000003b3bd00000] [id=4692]

Threads with active compile tasks:
C2 CompilerThread0     9738 5148       4       com.sun.prism.impl.ps.BaseShaderGraphics::renderGeneralRoundedPgram (1190 bytes)

VM state: not at safepoint (normal execution)

VM Mutex/Monitor currently owned by a thread: None

Heap address: 0x00000000a0c00000, size: 1524 MB, Compressed Oops mode: 32-bit

CDS archive(s) mapped at: [0x0000000800000000-0x0000000800bb0000-0x0000000800bb0000), size 12255232, SharedBaseAddress: 0x0000000800000000, ArchiveRelocationMode: 0.
Compressed class space mapped at: 0x0000000800c00000-0x0000000840c00000, reserved size: 1073741824
Narrow klass base: 0x0000000800000000, Narrow klass shift: 3, Narrow klass range: 0x100000000

GC Precious Log:
 CPUs: 8 total, 8 available
 Memory: 6091M
 Large Page Support: Disabled
 NUMA Support: Disabled
 Compressed Oops: Enabled (32-bit)
 Heap Region Size: 1M
 Heap Min Capacity: 8M
 Heap Initial Capacity: 96M
 Heap Max Capacity: 1524M
 Pre-touch: Disabled
 Parallel Workers: 8
 Concurrent Workers: 2
 Concurrent Refinement Workers: 8
 Periodic GC: Disabled

Heap:
 garbage-first heap   total 98304K, used 67353K [0x00000000a0c00000, 0x0000000100000000)
  region size 1024K, 30 young (30720K), 7 survivors (7168K)
 Metaspace       used 21615K, committed 21824K, reserved 1073152K
  class space    used 2971K, committed 3072K, reserved 1048576K

Heap Regions: E=young(eden), S=young(survivor), O=old, HS=humongous(starts), HC=humongous(continues), CS=collection set, F=free, OA=open archive, CA=closed archive, TAMS=top-at-mark-start (previous, next)
|   0|0x00000000a0c00000, 0x00000000a0d00000, 0x00000000a0d00000|100%|HS|  |TAMS 0x00000000a0d00000, 0x00000000a0c00000| Complete 
|   1|0x00000000a0d00000, 0x00000000a0e00000, 0x00000000a0e00000|100%|HC|  |TAMS 0x00000000a0e00000, 0x00000000a0d00000| Complete 
|   2|0x00000000a0e00000, 0x00000000a0f00000, 0x00000000a0f00000|100%| O|  |TAMS 0x00000000a0f00000, 0x00000000a0e00000| Untracked 
|   3|0x00000000a0f00000, 0x00000000a1000000, 0x00000000a1000000|100%| O|  |TAMS 0x00000000a1000000, 0x00000000a0f00000| Untracked 
|   4|0x00000000a1000000, 0x00000000a1100000, 0x00000000a1100000|100%| O|  |TAMS 0x00000000a1100000, 0x00000000a1000000| Untracked 
|   5|0x00000000a1100000, 0x00000000a1200000, 0x00000000a1200000|100%| O|  |TAMS 0x00000000a111ba00, 0x00000000a1100000| Untracked 
|   6|0x00000000a1200000, 0x00000000a1300000, 0x00000000a1300000|100%|HS|  |TAMS 0x00000000a1300000, 0x00000000a1200000| Complete 
|   7|0x00000000a1300000, 0x00000000a1400000, 0x00000000a1400000|100%|HC|  |TAMS 0x00000000a1400000, 0x00000000a1300000| Complete 
|   8|0x00000000a1400000, 0x00000000a1500000, 0x00000000a1500000|100%|HS|  |TAMS 0x00000000a1500000, 0x00000000a1400000| Complete 
|   9|0x00000000a1500000, 0x00000000a1600000, 0x00000000a1600000|100%|HC|  |TAMS 0x00000000a1600000, 0x00000000a1500000| Complete 
|  10|0x00000000a1600000, 0x00000000a1700000, 0x00000000a1700000|100%|HS|  |TAMS 0x00000000a1700000, 0x00000000a1600000| Complete 
|  11|0x00000000a1700000, 0x00000000a1800000, 0x00000000a1800000|100%|HC|  |TAMS 0x00000000a1800000, 0x00000000a1700000| Complete 
|  12|0x00000000a1800000, 0x00000000a1900000, 0x00000000a1900000|100%|HS|  |TAMS 0x00000000a1900000, 0x00000000a1800000| Complete 
|  13|0x00000000a1900000, 0x00000000a1a00000, 0x00000000a1a00000|100%|HC|  |TAMS 0x00000000a1a00000, 0x00000000a1900000| Complete 
|  14|0x00000000a1a00000, 0x00000000a1b00000, 0x00000000a1b00000|100%|HS|  |TAMS 0x00000000a1b00000, 0x00000000a1a00000| Complete 
|  15|0x00000000a1b00000, 0x00000000a1c00000, 0x00000000a1c00000|100%|HC|  |TAMS 0x00000000a1c00000, 0x00000000a1b00000| Complete 
|  16|0x00000000a1c00000, 0x00000000a1d00000, 0x00000000a1d00000|100%|HS|  |TAMS 0x00000000a1d00000, 0x00000000a1c00000| Complete 
|  17|0x00000000a1d00000, 0x00000000a1e00000, 0x00000000a1e00000|100%|HC|  |TAMS 0x00000000a1e00000, 0x00000000a1d00000| Complete 
|  18|0x00000000a1e00000, 0x00000000a1f00000, 0x00000000a1f00000|100%|HS|  |TAMS 0x00000000a1f00000, 0x00000000a1e00000| Complete 
|  19|0x00000000a1f00000, 0x00000000a2000000, 0x00000000a2000000|100%|HC|  |TAMS 0x00000000a2000000, 0x00000000a1f00000| Complete 
|  20|0x00000000a2000000, 0x00000000a2100000, 0x00000000a2100000|100%|HS|  |TAMS 0x00000000a2100000, 0x00000000a2000000| Complete 
|  21|0x00000000a2100000, 0x00000000a2200000, 0x00000000a2200000|100%|HC|  |TAMS 0x00000000a2200000, 0x00000000a2100000| Complete 
|  22|0x00000000a2200000, 0x00000000a2300000, 0x00000000a2300000|100%|HS|  |TAMS 0x00000000a2300000, 0x00000000a2200000| Complete 
|  23|0x00000000a2300000, 0x00000000a2400000, 0x00000000a2400000|100%|HC|  |TAMS 0x00000000a2400000, 0x00000000a2300000| Complete 
|  24|0x00000000a2400000, 0x00000000a2500000, 0x00000000a2500000|100%|HS|  |TAMS 0x00000000a2500000, 0x00000000a2400000| Complete 
|  25|0x00000000a2500000, 0x00000000a2600000, 0x00000000a2600000|100%|HC|  |TAMS 0x00000000a2600000, 0x00000000a2500000| Complete 
|  26|0x00000000a2600000, 0x00000000a2700000, 0x00000000a2700000|100%|HS|  |TAMS 0x00000000a2700000, 0x00000000a2600000| Complete 
|  27|0x00000000a2700000, 0x00000000a2800000, 0x00000000a2800000|100%|HC|  |TAMS 0x00000000a2800000, 0x00000000a2700000| Complete 
|  28|0x00000000a2800000, 0x00000000a2900000, 0x00000000a2900000|100%| O|  |TAMS 0x00000000a2800000, 0x00000000a2800000| Untracked 
|  29|0x00000000a2900000, 0x00000000a2a00000, 0x00000000a2a00000|100%| O|  |TAMS 0x00000000a2900000, 0x00000000a2900000| Untracked 
|  30|0x00000000a2a00000, 0x00000000a2b00000, 0x00000000a2b00000|100%| O|  |TAMS 0x00000000a2a00000, 0x00000000a2a00000| Untracked 
|  31|0x00000000a2b00000, 0x00000000a2b87c00, 0x00000000a2c00000| 53%| O|  |TAMS 0x00000000a2b00000, 0x00000000a2b00000| Untracked 
|  32|0x00000000a2c00000, 0x00000000a2d00000, 0x00000000a2d00000|100%|HS|  |TAMS 0x00000000a2c00000, 0x00000000a2c00000| Complete 
|  33|0x00000000a2d00000, 0x00000000a2e00000, 0x00000000a2e00000|100%|HC|  |TAMS 0x00000000a2d00000, 0x00000000a2d00000| Complete 
|  34|0x00000000a2e00000, 0x00000000a2f00000, 0x00000000a2f00000|100%|HS|  |TAMS 0x00000000a2e00000, 0x00000000a2e00000| Complete 
|  35|0x00000000a2f00000, 0x00000000a3000000, 0x00000000a3000000|100%|HC|  |TAMS 0x00000000a2f00000, 0x00000000a2f00000| Complete 
|  36|0x00000000a3000000, 0x00000000a3100000, 0x00000000a3100000|100%|HS|  |TAMS 0x00000000a3000000, 0x00000000a3000000| Complete 
|  37|0x00000000a3100000, 0x00000000a3200000, 0x00000000a3200000|100%|HC|  |TAMS 0x00000000a3100000, 0x00000000a3100000| Complete 
|  38|0x00000000a3200000, 0x00000000a3200000, 0x00000000a3300000|  0%| F|  |TAMS 0x00000000a3200000, 0x00000000a3200000| Untracked 
|  39|0x00000000a3300000, 0x00000000a3300000, 0x00000000a3400000|  0%| F|  |TAMS 0x00000000a3300000, 0x00000000a3300000| Untracked 
|  40|0x00000000a3400000, 0x00000000a3400000, 0x00000000a3500000|  0%| F|  |TAMS 0x00000000a3400000, 0x00000000a3400000| Untracked 
|  41|0x00000000a3500000, 0x00000000a3500000, 0x00000000a3600000|  0%| F|  |TAMS 0x00000000a3500000, 0x00000000a3500000| Untracked 
|  42|0x00000000a3600000, 0x00000000a3600000, 0x00000000a3700000|  0%| F|  |TAMS 0x00000000a3600000, 0x00000000a3600000| Untracked 
|  43|0x00000000a3700000, 0x00000000a3700000, 0x00000000a3800000|  0%| F|  |TAMS 0x00000000a3700000, 0x00000000a3700000| Untracked 
|  44|0x00000000a3800000, 0x00000000a3800000, 0x00000000a3900000|  0%| F|  |TAMS 0x00000000a3800000, 0x00000000a3800000| Untracked 
|  45|0x00000000a3900000, 0x00000000a3900000, 0x00000000a3a00000|  0%| F|  |TAMS 0x00000000a3900000, 0x00000000a3900000| Untracked 
|  46|0x00000000a3a00000, 0x00000000a3a3ebb0, 0x00000000a3b00000| 24%| S|CS|TAMS 0x00000000a3a00000, 0x00000000a3a00000| Complete 
|  47|0x00000000a3b00000, 0x00000000a3c00000, 0x00000000a3c00000|100%| S|CS|TAMS 0x00000000a3b00000, 0x00000000a3b00000| Complete 
|  48|0x00000000a3c00000, 0x00000000a3d00000, 0x00000000a3d00000|100%| S|CS|TAMS 0x00000000a3c00000, 0x00000000a3c00000| Complete 
|  49|0x00000000a3d00000, 0x00000000a3e00000, 0x00000000a3e00000|100%| S|CS|TAMS 0x00000000a3d00000, 0x00000000a3d00000| Complete 
|  50|0x00000000a3e00000, 0x00000000a3f00000, 0x00000000a3f00000|100%| S|CS|TAMS 0x00000000a3e00000, 0x00000000a3e00000| Complete 
|  51|0x00000000a3f00000, 0x00000000a4000000, 0x00000000a4000000|100%| S|CS|TAMS 0x00000000a3f00000, 0x00000000a3f00000| Complete 
|  52|0x00000000a4000000, 0x00000000a4100000, 0x00000000a4100000|100%| S|CS|TAMS 0x00000000a4000000, 0x00000000a4000000| Complete 
|  53|0x00000000a4100000, 0x00000000a4100000, 0x00000000a4200000|  0%| F|  |TAMS 0x00000000a4100000, 0x00000000a4100000| Untracked 
|  54|0x00000000a4200000, 0x00000000a4200000, 0x00000000a4300000|  0%| F|  |TAMS 0x00000000a4200000, 0x00000000a4200000| Untracked 
|  55|0x00000000a4300000, 0x00000000a4300000, 0x00000000a4400000|  0%| F|  |TAMS 0x00000000a4300000, 0x00000000a4300000| Untracked 
|  56|0x00000000a4400000, 0x00000000a4400000, 0x00000000a4500000|  0%| F|  |TAMS 0x00000000a4400000, 0x00000000a4400000| Untracked 
|  57|0x00000000a4500000, 0x00000000a4500000, 0x00000000a4600000|  0%| F|  |TAMS 0x00000000a4500000, 0x00000000a4500000| Untracked 
|  58|0x00000000a4600000, 0x00000000a4600000, 0x00000000a4700000|  0%| F|  |TAMS 0x00000000a4600000, 0x00000000a4600000| Untracked 
|  59|0x00000000a4700000, 0x00000000a4700000, 0x00000000a4800000|  0%| F|  |TAMS 0x00000000a4700000, 0x00000000a4700000| Untracked 
|  60|0x00000000a4800000, 0x00000000a4800000, 0x00000000a4900000|  0%| F|  |TAMS 0x00000000a4800000, 0x00000000a4800000| Untracked 
|  61|0x00000000a4900000, 0x00000000a4900000, 0x00000000a4a00000|  0%| F|  |TAMS 0x00000000a4900000, 0x00000000a4900000| Untracked 
|  62|0x00000000a4a00000, 0x00000000a4a00000, 0x00000000a4b00000|  0%| F|  |TAMS 0x00000000a4a00000, 0x00000000a4a00000| Untracked 
|  63|0x00000000a4b00000, 0x00000000a4b00000, 0x00000000a4c00000|  0%| F|  |TAMS 0x00000000a4b00000, 0x00000000a4b00000| Untracked 
|  64|0x00000000a4c00000, 0x00000000a4c00000, 0x00000000a4d00000|  0%| F|  |TAMS 0x00000000a4c00000, 0x00000000a4c00000| Untracked 
|  65|0x00000000a4d00000, 0x00000000a4d00000, 0x00000000a4e00000|  0%| F|  |TAMS 0x00000000a4d00000, 0x00000000a4d00000| Untracked 
|  66|0x00000000a4e00000, 0x00000000a4e00000, 0x00000000a4f00000|  0%| F|  |TAMS 0x00000000a4e00000, 0x00000000a4e00000| Untracked 
|  67|0x00000000a4f00000, 0x00000000a4f00000, 0x00000000a5000000|  0%| F|  |TAMS 0x00000000a4f00000, 0x00000000a4f00000| Untracked 
|  68|0x00000000a5000000, 0x00000000a5000000, 0x00000000a5100000|  0%| F|  |TAMS 0x00000000a5000000, 0x00000000a5000000| Untracked 
|  69|0x00000000a5100000, 0x00000000a5100000, 0x00000000a5200000|  0%| F|  |TAMS 0x00000000a5100000, 0x00000000a5100000| Untracked 
|  70|0x00000000a5200000, 0x00000000a5200000, 0x00000000a5300000|  0%| F|  |TAMS 0x00000000a5200000, 0x00000000a5200000| Untracked 
|  71|0x00000000a5300000, 0x00000000a5300000, 0x00000000a5400000|  0%| F|  |TAMS 0x00000000a5300000, 0x00000000a5300000| Untracked 
|  72|0x00000000a5400000, 0x00000000a5400000, 0x00000000a5500000|  0%| F|  |TAMS 0x00000000a5400000, 0x00000000a5400000| Untracked 
|  73|0x00000000a5500000, 0x00000000a5541370, 0x00000000a5600000| 25%| E|  |TAMS 0x00000000a5500000, 0x00000000a5500000| Complete 
|  74|0x00000000a5600000, 0x00000000a5700000, 0x00000000a5700000|100%| E|CS|TAMS 0x00000000a5600000, 0x00000000a5600000| Complete 
|  75|0x00000000a5700000, 0x00000000a5800000, 0x00000000a5800000|100%| E|CS|TAMS 0x00000000a5700000, 0x00000000a5700000| Complete 
|  76|0x00000000a5800000, 0x00000000a5900000, 0x00000000a5900000|100%| E|CS|TAMS 0x00000000a5800000, 0x00000000a5800000| Complete 
|  77|0x00000000a5900000, 0x00000000a5a00000, 0x00000000a5a00000|100%| E|CS|TAMS 0x00000000a5900000, 0x00000000a5900000| Complete 
|  78|0x00000000a5a00000, 0x00000000a5b00000, 0x00000000a5b00000|100%| E|CS|TAMS 0x00000000a5a00000, 0x00000000a5a00000| Complete 
|  79|0x00000000a5b00000, 0x00000000a5c00000, 0x00000000a5c00000|100%| E|CS|TAMS 0x00000000a5b00000, 0x00000000a5b00000| Complete 
|  80|0x00000000a5c00000, 0x00000000a5d00000, 0x00000000a5d00000|100%| E|CS|TAMS 0x00000000a5c00000, 0x00000000a5c00000| Complete 
|  81|0x00000000a5d00000, 0x00000000a5e00000, 0x00000000a5e00000|100%| E|CS|TAMS 0x00000000a5d00000, 0x00000000a5d00000| Complete 
|  82|0x00000000a5e00000, 0x00000000a5f00000, 0x00000000a5f00000|100%| E|CS|TAMS 0x00000000a5e00000, 0x00000000a5e00000| Complete 
|  83|0x00000000a5f00000, 0x00000000a6000000, 0x00000000a6000000|100%| E|CS|TAMS 0x00000000a5f00000, 0x00000000a5f00000| Complete 
|  84|0x00000000a6000000, 0x00000000a6100000, 0x00000000a6100000|100%| E|CS|TAMS 0x00000000a6000000, 0x00000000a6000000| Complete 
|  85|0x00000000a6100000, 0x00000000a6200000, 0x00000000a6200000|100%| E|CS|TAMS 0x00000000a6100000, 0x00000000a6100000| Complete 
|  86|0x00000000a6200000, 0x00000000a6300000, 0x00000000a6300000|100%| E|CS|TAMS 0x00000000a6200000, 0x00000000a6200000| Complete 
|  87|0x00000000a6300000, 0x00000000a6400000, 0x00000000a6400000|100%| E|CS|TAMS 0x00000000a6300000, 0x00000000a6300000| Complete 
|  88|0x00000000a6400000, 0x00000000a6500000, 0x00000000a6500000|100%| E|CS|TAMS 0x00000000a6400000, 0x00000000a6400000| Complete 
|  89|0x00000000a6500000, 0x00000000a6600000, 0x00000000a6600000|100%| E|CS|TAMS 0x00000000a6500000, 0x00000000a6500000| Complete 
|  90|0x00000000a6600000, 0x00000000a6700000, 0x00000000a6700000|100%| E|CS|TAMS 0x00000000a6600000, 0x00000000a6600000| Complete 
|  91|0x00000000a6700000, 0x00000000a6800000, 0x00000000a6800000|100%| E|CS|TAMS 0x00000000a6700000, 0x00000000a6700000| Complete 
|  92|0x00000000a6800000, 0x00000000a6900000, 0x00000000a6900000|100%| E|CS|TAMS 0x00000000a6800000, 0x00000000a6800000| Complete 
|  93|0x00000000a6900000, 0x00000000a6a00000, 0x00000000a6a00000|100%| E|CS|TAMS 0x00000000a6900000, 0x00000000a6900000| Complete 
|  94|0x00000000a6a00000, 0x00000000a6b00000, 0x00000000a6b00000|100%| E|CS|TAMS 0x00000000a6a00000, 0x00000000a6a00000| Complete 
|  95|0x00000000a6b00000, 0x00000000a6c00000, 0x00000000a6c00000|100%| E|CS|TAMS 0x00000000a6b00000, 0x00000000a6b00000| Complete 

Card table byte_map: [0x000001b925ba0000,0x000001b925ea0000] _byte_map_base: 0x000001b92569a000

Marking Bits (Prev, Next): (CMBitMap*) 0x000001b90ee2c110, (CMBitMap*) 0x000001b90ee2c0d0
 Prev Bits: [0x000001b927970000, 0x000001b929140000)
 Next Bits: [0x000001b9261a0000, 0x000001b927970000)

Polling page: 0x000001b90cf70000

Metaspace:

Usage:
  Non-class:     18.21 MB used.
      Class:      2.90 MB used.
       Both:     21.11 MB used.

Virtual space:
  Non-class space:       24.00 MB reserved,      18.31 MB ( 76%) committed,  3 nodes.
      Class space:        1.00 GB reserved,       3.00 MB ( <1%) committed,  1 nodes.
              Both:        1.02 GB reserved,      21.31 MB (  2%) committed. 

Chunk freelists:
   Non-Class:  1.64 MB
       Class:  966.00 KB
        Both:  2.58 MB

MaxMetaspaceSize: 17179869184.00 GB
CompressedClassSpaceSize: 1.00 GB
 - commit_granule_bytes: 65536.
 - commit_granule_words: 8192.
 - virtual_space_node_default_size: 1048576.
 - enlarge_chunks_in_place: 1.
 - new_chunks_are_fully_committed: 0.
 - uncommit_free_chunks: 1.
 - use_allocation_guard: 0.
 - handle_deallocations: 1.


Internal statistics:

num_allocs_failed_limit: 3.
num_arena_births: 272.
num_arena_deaths: 0.
num_vsnodes_births: 4.
num_vsnodes_deaths: 0.
num_space_committed: 341.
num_space_uncommitted: 0.
num_chunks_returned_to_freelist: 3.
num_chunks_taken_from_freelist: 1045.
num_chunk_merges: 3.
num_chunk_splits: 703.
num_chunks_enlarged: 525.
num_purges: 0.

CodeHeap 'non-profiled nmethods': size=120000Kb used=2061Kb max_used=2061Kb free=117938Kb
 bounds [0x000001b91e040000, 0x000001b91e2b0000, 0x000001b925570000]
CodeHeap 'profiled nmethods': size=120000Kb used=10299Kb max_used=10299Kb free=109700Kb
 bounds [0x000001b916b10000, 0x000001b917520000, 0x000001b91e040000]
CodeHeap 'non-nmethods': size=5760Kb used=1481Kb max_used=1520Kb free=4278Kb
 bounds [0x000001b916570000, 0x000001b9167e0000, 0x000001b916b10000]
 total_blobs=5958 nmethods=5108 adapters=762
 compilation: enabled
              stopped_count=0, restarted_count=0
 full_count=0

Compilation events (20 events):
Event: 9.662 Thread 0x000001b92bb12dc0 5167       2       javafx.scene.text.Text$StyleableProperties$8::getStyleableProperty (8 bytes)
Event: 9.662 Thread 0x000001b92bb12dc0 nmethod 5167 0x000001b91750e990 code [0x000001b91750eb40, 0x000001b91750ecc8]
Event: 9.665 Thread 0x000001b92bb12dc0 5173       2       javafx.css.converter.LadderConverter::convert (71 bytes)
Event: 9.666 Thread 0x000001b92bb12dc0 nmethod 5173 0x000001b91750ed90 code [0x000001b91750ef80, 0x000001b91750f478]
Event: 9.666 Thread 0x000001b92bb12dc0 5175       2       javafx.scene.layout.BorderStrokeStyle::equals (163 bytes)
Event: 9.667 Thread 0x000001b92bb12dc0 nmethod 5175 0x000001b91750f710 code [0x000001b91750f920, 0x000001b91750fde8]
Event: 9.667 Thread 0x000001b92bb12dc0 5174       2       javafx.scene.control.skin.CellSkinBase::cellSizePropertyImpl (27 bytes)
Event: 9.667 Thread 0x000001b92bb12dc0 nmethod 5174 0x000001b91750ff10 code [0x000001b9175100e0, 0x000001b9175103a8]
Event: 9.667 Thread 0x000001b92bb12dc0 5172       2       javafx.css.converter.LadderConverter::convert (7 bytes)
Event: 9.667 Thread 0x000001b92bb12dc0 nmethod 5172 0x000001b917510490 code [0x000001b917510640, 0x000001b917510768]
Event: 9.667 Thread 0x000001b92bb12dc0 5176       2       javafx.scene.layout.BackgroundFill::<init> (95 bytes)
Event: 9.668 Thread 0x000001b92bb12dc0 nmethod 5176 0x000001b917510810 code [0x000001b9175109e0, 0x000001b917510cb8]
Event: 9.668 Thread 0x000001b92bb12dc0 5177       2       com.sun.javafx.UnmodifiableArrayList::<init> (46 bytes)
Event: 9.668 Thread 0x000001b92bb12dc0 nmethod 5177 0x000001b917510e10 code [0x000001b917510fa0, 0x000001b9175110f8]
Event: 9.670 Thread 0x000001b92bb12dc0 5179       2       com.sun.scenario.effect.Effect::setInput (62 bytes)
Event: 9.670 Thread 0x000001b92bb12dc0 nmethod 5179 0x000001b917511190 code [0x000001b917511360, 0x000001b917511618]
Event: 9.670 Thread 0x000001b92bb12dc0 5180       2       com.sun.javafx.sg.prism.NGNode::hasOpaqueRegion (71 bytes)
Event: 9.671 Thread 0x000001b92bb12dc0 nmethod 5180 0x000001b917511790 code [0x000001b917511980, 0x000001b917511be8]
Event: 9.671 Thread 0x000001b92bb12dc0 5181       2       com.sun.javafx.sg.prism.NGRegion::hasOpaqueRegion (53 bytes)
Event: 9.671 Thread 0x000001b92bb12dc0 nmethod 5181 0x000001b917511d10 code [0x000001b917511ec0, 0x000001b917512128]

GC Heap History (6 events):
Event: 0.887 GC heap before
{Heap before GC invocations=0 (full 0):
 garbage-first heap   total 98304K, used 22528K [0x00000000a0c00000, 0x0000000100000000)
  region size 1024K, 23 young (23552K), 0 survivors (0K)
 Metaspace       used 6025K, committed 6272K, reserved 1056768K
  class space    used 724K, committed 832K, reserved 1048576K
}
Event: 0.891 GC heap after
{Heap after GC invocations=1 (full 0):
 garbage-first heap   total 98304K, used 2911K [0x00000000a0c00000, 0x0000000100000000)
  region size 1024K, 3 young (3072K), 3 survivors (3072K)
 Metaspace       used 6025K, committed 6272K, reserved 1056768K
  class space    used 724K, committed 832K, reserved 1048576K
}
Event: 1.803 GC heap before
{Heap before GC invocations=1 (full 0):
 garbage-first heap   total 98304K, used 37727K [0x00000000a0c00000, 0x0000000100000000)
  region size 1024K, 35 young (35840K), 3 survivors (3072K)
 Metaspace       used 13805K, committed 13952K, reserved 1064960K
  class space    used 2041K, committed 2112K, reserved 1048576K
}
Event: 1.810 GC heap after
{Heap after GC invocations=2 (full 0):
 garbage-first heap   total 98304K, used 9905K [0x00000000a0c00000, 0x0000000100000000)
  region size 1024K, 5 young (5120K), 5 survivors (5120K)
 Metaspace       used 13805K, committed 13952K, reserved 1064960K
  class space    used 2041K, committed 2112K, reserved 1048576K
}
Event: 6.819 GC heap before
{Heap before GC invocations=2 (full 0):
 garbage-first heap   total 98304K, used 70321K [0x00000000a0c00000, 0x0000000100000000)
  region size 1024K, 43 young (44032K), 5 survivors (5120K)
 Metaspace       used 21032K, committed 21248K, reserved 1073152K
  class space    used 2958K, committed 3072K, reserved 1048576K
}
Event: 6.829 GC heap after
{Heap after GC invocations=3 (full 0):
 garbage-first heap   total 98304K, used 38681K [0x00000000a0c00000, 0x0000000100000000)
  region size 1024K, 7 young (7168K), 7 survivors (7168K)
 Metaspace       used 21032K, committed 21248K, reserved 1073152K
  class space    used 2958K, committed 3072K, reserved 1048576K
}

Deoptimization events (20 events):
Event: 8.390 Thread 0x000001b92cb5c1e0 DEOPT PACKING pc=0x000001b917398a62 sp=0x0000003b3cafcc90
Event: 8.390 Thread 0x000001b92cb5c1e0 DEOPT UNPACKING pc=0x000001b9165bdece sp=0x0000003b3cafc0a8 mode 0
Event: 8.398 Thread 0x000001b92cb5c1e0 DEOPT PACKING pc=0x000001b917398a62 sp=0x0000003b3cafb040
Event: 8.398 Thread 0x000001b92cb5c1e0 DEOPT UNPACKING pc=0x000001b9165bdece sp=0x0000003b3cafa458 mode 0
Event: 8.415 Thread 0x000001b92cb5c1e0 DEOPT PACKING pc=0x000001b917398a62 sp=0x0000003b3cafae40
Event: 8.415 Thread 0x000001b92cb5c1e0 DEOPT UNPACKING pc=0x000001b9165bdece sp=0x0000003b3cafa258 mode 0
Event: 8.425 Thread 0x000001b92cb5c1e0 DEOPT PACKING pc=0x000001b917398a62 sp=0x0000003b3cafb240
Event: 8.425 Thread 0x000001b92cb5c1e0 DEOPT UNPACKING pc=0x000001b9165bdece sp=0x0000003b3cafa658 mode 0
Event: 8.486 Thread 0x000001b92cb5c1e0 DEOPT PACKING pc=0x000001b917398a62 sp=0x0000003b3cafae40
Event: 8.486 Thread 0x000001b92cb5c1e0 DEOPT UNPACKING pc=0x000001b9165bdece sp=0x0000003b3cafa258 mode 0
Event: 8.497 Thread 0x000001b92cb5c1e0 DEOPT PACKING pc=0x000001b917398a62 sp=0x0000003b3cafae40
Event: 8.497 Thread 0x000001b92cb5c1e0 DEOPT UNPACKING pc=0x000001b9165bdece sp=0x0000003b3cafa258 mode 0
Event: 8.502 Thread 0x000001b92cb5c1e0 DEOPT PACKING pc=0x000001b917398a62 sp=0x0000003b3cafb240
Event: 8.502 Thread 0x000001b92cb5c1e0 DEOPT UNPACKING pc=0x000001b9165bdece sp=0x0000003b3cafa658 mode 0
Event: 8.519 Thread 0x000001b92cb5c1e0 DEOPT PACKING pc=0x000001b917398a62 sp=0x0000003b3cafb490
Event: 8.519 Thread 0x000001b92cb5c1e0 DEOPT UNPACKING pc=0x000001b9165bdece sp=0x0000003b3cafa8a8 mode 0
Event: 9.008 Thread 0x000001b92cb5c1e0 DEOPT PACKING pc=0x000001b917398f04 sp=0x0000003b3cafb290
Event: 9.008 Thread 0x000001b92cb5c1e0 DEOPT UNPACKING pc=0x000001b9165bdece sp=0x0000003b3cafa6a8 mode 0
Event: 9.021 Thread 0x000001b92cb5c1e0 DEOPT PACKING pc=0x000001b917398f04 sp=0x0000003b3cafb690
Event: 9.021 Thread 0x000001b92cb5c1e0 DEOPT UNPACKING pc=0x000001b9165bdece sp=0x0000003b3cafaaa8 mode 0

Classes unloaded (0 events):
No events

Classes redefined (0 events):
No events

Internal exceptions (20 events):
Event: 1.878 Thread 0x000001b92cd42fc0 Exception <a 'java/lang/NoSuchMethodError'{0x00000000a691d2d0}: 'long java.lang.invoke.DirectMethodHandle$Holder.invokeStaticInit(java.lang.Object, java.lang.Object, java.lang.Object)'> (0x00000000a691d2d0) 
thrown [t:\workspace\open\src\hotspot\share\interpreter\linkResolver.cpp, line 790]
Event: 1.883 Thread 0x000001b92cd42fc0 Exception <a 'java/lang/NoSuchMethodError'{0x00000000a69351f0}: 'java.lang.Object java.lang.invoke.DirectMethodHandle$Holder.newInvokeSpecial(java.lang.Object, java.lang.Object, long)'> (0x00000000a69351f0) 
thrown [t:\workspace\open\src\hotspot\share\interpreter\linkResolver.cpp, line 790]
Event: 1.883 Thread 0x000001b92cd42fc0 Exception <a 'java/lang/NoSuchMethodError'{0x00000000a6938f60}: 'java.lang.Object java.lang.invoke.Invokers$Holder.linkToTargetMethod(java.lang.Object, long, java.lang.Object)'> (0x00000000a6938f60) 
thrown [t:\workspace\open\src\hotspot\share\interpreter\linkResolver.cpp, line 790]
Event: 1.932 Thread 0x000001b92cb5c1e0 Exception <a 'java/lang/NoSuchMethodError'{0x00000000a6899f60}: 'java.lang.Object java.lang.invoke.DirectMethodHandle$Holder.invokeStaticInit(java.lang.Object, int)'> (0x00000000a6899f60) 
thrown [t:\workspace\open\src\hotspot\share\interpreter\linkResolver.cpp, line 790]
Event: 4.017 Thread 0x000001b92cd42fc0 Exception <a 'java/lang/NoSuchMethodError'{0x00000000a6478dc8}: 'java.lang.Object java.lang.invoke.DirectMethodHandle$Holder.newInvokeSpecial(java.lang.Object, java.lang.Object, int, int, int, int, int, java.lang.Object)'> (0x00000000a6478dc8) 
thrown [t:\workspace\open\src\hotspot\share\interpreter\linkResolver.cpp, line 790]
Event: 4.019 Thread 0x000001b92cd42fc0 Exception <a 'java/lang/NoSuchMethodError'{0x00000000a630c578}: 'java.lang.Object java.lang.invoke.DirectMethodHandle$Holder.newInvokeSpecial(java.lang.Object, java.lang.Object, java.lang.Object, int, int, int, int, int)'> (0x00000000a630c578) 
thrown [t:\workspace\open\src\hotspot\share\interpreter\linkResolver.cpp, line 790]
Event: 4.019 Thread 0x000001b92cd42fc0 Exception <a 'java/lang/NoSuchMethodError'{0x00000000a63140e8}: 'java.lang.Object java.lang.invoke.Invokers$Holder.linkToTargetMethod(java.lang.Object, java.lang.Object, int, int, int, int, int, java.lang.Object)'> (0x00000000a63140e8) 
thrown [t:\workspace\open\src\hotspot\share\interpreter\linkResolver.cpp, line 790]
Event: 4.351 Thread 0x000001b92cd42fc0 Exception <a 'sun/nio/fs/WindowsException'{0x00000000a6351b60}> (0x00000000a6351b60) 
thrown [t:\workspace\open\src\hotspot\share\prims\jni.cpp, line 579]
Event: 4.406 Thread 0x000001b92cd42fc0 Exception <a 'sun/nio/fs/WindowsException'{0x00000000a611e8b0}> (0x00000000a611e8b0) 
thrown [t:\workspace\open\src\hotspot\share\prims\jni.cpp, line 579]
Event: 4.418 Thread 0x000001b92cd42fc0 Exception <a 'sun/nio/fs/WindowsException'{0x00000000a6172be8}> (0x00000000a6172be8) 
thrown [t:\workspace\open\src\hotspot\share\prims\jni.cpp, line 579]
Event: 4.423 Thread 0x000001b92cd42fc0 Exception <a 'java/lang/NoSuchMethodError'{0x00000000a617ca00}: 'java.lang.Object java.lang.invoke.DirectMethodHandle$Holder.invokeStaticInit(java.lang.Object, int, int, int, int)'> (0x00000000a617ca00) 
thrown [t:\workspace\open\src\hotspot\share\interpreter\linkResolver.cpp, line 790]
Event: 4.476 Thread 0x000001b92cd42fc0 Exception <a 'java/lang/NoSuchMethodError'{0x00000000a61beff0}: 'java.lang.Object java.lang.invoke.DirectMethodHandle$Holder.invokeStaticInit(java.lang.Object, java.lang.Object, int, int, int, int)'> (0x00000000a61beff0) 
thrown [t:\workspace\open\src\hotspot\share\interpreter\linkResolver.cpp, line 790]
Event: 4.480 Thread 0x000001b92cd42fc0 Exception <a 'sun/nio/fs/WindowsException'{0x00000000a61d56c8}> (0x00000000a61d56c8) 
thrown [t:\workspace\open\src\hotspot\share\prims\jni.cpp, line 579]
Event: 4.480 Thread 0x000001b92cd42fc0 Exception <a 'sun/nio/fs/WindowsException'{0x00000000a61d5a78}> (0x00000000a61d5a78) 
thrown [t:\workspace\open\src\hotspot\share\prims\jni.cpp, line 579]
Event: 4.482 Thread 0x000001b92cd42fc0 Exception <a 'sun/nio/fs/WindowsException'{0x00000000a61d7488}> (0x00000000a61d7488) 
thrown [t:\workspace\open\src\hotspot\share\prims\jni.cpp, line 579]
Event: 5.256 Thread 0x000001b92cd42fc0 Exception <a 'java/io/FileNotFoundException'{0x00000000a5cf2ab0}> (0x00000000a5cf2ab0) 
thrown [t:\workspace\open\src\hotspot\share\prims\jni.cpp, line 579]
Event: 6.373 Thread 0x000001b92cd42fc0 Exception <a 'java/lang/NoSuchMethodError'{0x00000000a578bd28}: 'java.lang.Object java.lang.invoke.DirectMethodHandle$Holder.invokeSpecial(java.lang.Object, java.lang.Object, int, java.lang.Object, long)'> (0x00000000a578bd28) 
thrown [t:\workspace\open\src\hotspot\share\interpreter\linkResolver.cpp, line 790]
Event: 6.394 Thread 0x000001b92cd42fc0 Exception <a 'java/lang/ClassCastException'{0x00000000a56736e0}: class java.lang.String cannot be cast to class javafx.scene.paint.Paint (java.lang.String is in module java.base of loader 'bootstrap'; javafx.scene.paint.Paint is in module javafx.graphics of loader 'app')> (0x00000000a56736e0) 
thrown [t:\workspace\open\src\hotspot\share\interpreter\interpreterRuntime.cpp, line 441]
Event: 6.443 Thread 0x000001b92cd42fc0 Exception <a 'java/lang/NoSuchMethodError'{0x00000000a5470338}: 'void java.lang.invoke.DirectMethodHandle$Holder.invokeSpecialIFC(java.lang.Object, java.lang.Object, java.lang.Object, java.lang.Object)'> (0x00000000a5470338) 
thrown [t:\workspace\open\src\hotspot\share\interpreter\linkResolver.cpp, line 790]
Event: 6.481 Thread 0x000001b92cd42fc0 Exception <a 'java/lang/NoSuchMethodError'{0x00000000a521eaf8}: 'int java.lang.invoke.DirectMethodHandle$Holder.invokeSpecial(java.lang.Object, java.lang.Object, int)'> (0x00000000a521eaf8) 
thrown [t:\workspace\open\src\hotspot\share\interpreter\linkResolver.cpp, line 790]

Events (20 events):
Event: 6.433 loading class java/util/stream/IntPipeline$1$1
Event: 6.433 loading class java/util/stream/IntPipeline$1$1 done
Event: 6.439 Executing  VM operation: ICBufferFull
Event: 6.439 Executing  VM operation: ICBufferFull done
Event: 6.750 Executing  VM operation: ICBufferFull
Event: 6.750 Executing  VM operation: ICBufferFull done
Event: 6.819 Executing  VM operation: CollectForMetadataAllocation
Event: 6.829 Executing  VM operation: CollectForMetadataAllocation done
Event: 6.838 Executing  VM operation: G1Concurrent
Event: 6.840 Executing  VM operation: G1Concurrent done
Event: 6.844 Executing  VM operation: G1Concurrent
Event: 6.844 Executing  VM operation: G1Concurrent done
Event: 7.844 Executing  VM operation: Cleanup
Event: 7.844 Executing  VM operation: Cleanup done
Event: 8.088 Executing  VM operation: ICBufferFull
Event: 8.088 Executing  VM operation: ICBufferFull done
Event: 8.431 Executing  VM operation: HandshakeAllThreads
Event: 8.431 Executing  VM operation: HandshakeAllThreads done
Event: 9.431 Executing  VM operation: Cleanup
Event: 9.431 Executing  VM operation: Cleanup done


Dynamic libraries:
0x00007ff6234b0000 - 0x00007ff6234c0000 	C:\Program Files\Java\jdk-16.0.2\bin\java.exe
0x00007ffa4b2d0000 - 0x00007ffa4b4c8000 	C:\WINDOWS\SYSTEM32\ntdll.dll
0x00007ffa4b020000 - 0x00007ffa4b0dd000 	C:\WINDOWS\System32\KERNEL32.DLL
0x00007ffa48f80000 - 0x00007ffa49276000 	C:\WINDOWS\System32\KERNELBASE.dll
0x00007ffa48990000 - 0x00007ffa48a90000 	C:\WINDOWS\System32\ucrtbase.dll
0x00007ffa401c0000 - 0x00007ffa401d9000 	C:\Program Files\Java\jdk-16.0.2\bin\VCRUNTIME140.dll
0x00007ffa44840000 - 0x00007ffa44858000 	C:\Program Files\Java\jdk-16.0.2\bin\jli.dll
0x00007ffa49500000 - 0x00007ffa495b0000 	C:\WINDOWS\System32\ADVAPI32.dll
0x00007ffa4b1f0000 - 0x00007ffa4b28e000 	C:\WINDOWS\System32\msvcrt.dll
0x00007ffa49350000 - 0x00007ffa493f0000 	C:\WINDOWS\System32\sechost.dll
0x00007ffa4a3a0000 - 0x00007ffa4a4c3000 	C:\WINDOWS\System32\RPCRT4.dll
0x00007ffa48d00000 - 0x00007ffa48d27000 	C:\WINDOWS\System32\bcrypt.dll
0x00007ffa4a060000 - 0x00007ffa4a1ff000 	C:\WINDOWS\System32\USER32.dll
0x00007ffa48d30000 - 0x00007ffa48d52000 	C:\WINDOWS\System32\win32u.dll
0x00007ffa36360000 - 0x00007ffa365fa000 	C:\WINDOWS\WinSxS\amd64_microsoft.windows.common-controls_6595b64144ccf1df_6.0.19041.4355_none_60b8b9eb71f62e16\COMCTL32.dll
0x00007ffa49320000 - 0x00007ffa4934b000 	C:\WINDOWS\System32\GDI32.dll
0x00007ffa48d60000 - 0x00007ffa48e77000 	C:\WINDOWS\System32\gdi32full.dll
0x00007ffa48c60000 - 0x00007ffa48cfd000 	C:\WINDOWS\System32\msvcp_win.dll
0x00007ffa3f060000 - 0x00007ffa3f06a000 	C:\WINDOWS\SYSTEM32\VERSION.dll
0x00007ffa494d0000 - 0x00007ffa494ff000 	C:\WINDOWS\System32\IMM32.DLL
0x00007ffa41630000 - 0x00007ffa4163c000 	C:\Program Files\Java\jdk-16.0.2\bin\vcruntime140_1.dll
0x00007ff9f7950000 - 0x00007ff9f79e1000 	C:\Program Files\Java\jdk-16.0.2\bin\msvcp140.dll
0x00007ff9f4510000 - 0x00007ff9f50bb000 	C:\Program Files\Java\jdk-16.0.2\bin\server\jvm.dll
0x00007ffa49310000 - 0x00007ffa49318000 	C:\WINDOWS\System32\PSAPI.DLL
0x00007ffa3ca70000 - 0x00007ffa3ca97000 	C:\WINDOWS\SYSTEM32\WINMM.dll
0x00007ffa42f90000 - 0x00007ffa42f99000 	C:\WINDOWS\SYSTEM32\WSOCK32.dll
0x00007ffa4a320000 - 0x00007ffa4a38b000 	C:\WINDOWS\System32\WS2_32.dll
0x00007ffa467d0000 - 0x00007ffa467e2000 	C:\WINDOWS\SYSTEM32\kernel.appcore.dll
0x00007ffa36730000 - 0x00007ffa3673a000 	C:\Program Files\Java\jdk-16.0.2\bin\jimage.dll
0x00007ffa3e4e0000 - 0x00007ffa3e6c4000 	C:\WINDOWS\SYSTEM32\DBGHELP.DLL
0x00007ffa2ff00000 - 0x00007ffa2ff34000 	C:\WINDOWS\SYSTEM32\dbgcore.DLL
0x00007ffa49280000 - 0x00007ffa49302000 	C:\WINDOWS\System32\bcryptPrimitives.dll
0x00007ffa1efa0000 - 0x00007ffa1efc5000 	C:\Program Files\Java\jdk-16.0.2\bin\java.dll
0x00007ffa4a680000 - 0x00007ffa4adec000 	C:\WINDOWS\System32\SHELL32.dll
0x00007ffa469d0000 - 0x00007ffa4716d000 	C:\WINDOWS\SYSTEM32\windows.storage.dll
0x00007ffa49ad0000 - 0x00007ffa49e23000 	C:\WINDOWS\System32\combase.dll
0x00007ffa482e0000 - 0x00007ffa4830e000 	C:\WINDOWS\SYSTEM32\Wldp.dll
0x00007ffa4ae80000 - 0x00007ffa4af4d000 	C:\WINDOWS\System32\OLEAUT32.dll
0x00007ffa4b140000 - 0x00007ffa4b1ed000 	C:\WINDOWS\System32\SHCORE.dll
0x00007ffa49470000 - 0x00007ffa494c5000 	C:\WINDOWS\System32\shlwapi.dll
0x00007ffa488c0000 - 0x00007ffa488e4000 	C:\WINDOWS\SYSTEM32\profapi.dll
0x00007ffa2be50000 - 0x00007ffa2be69000 	C:\Program Files\Java\jdk-16.0.2\bin\net.dll
0x00007ffa406e0000 - 0x00007ffa407ea000 	C:\WINDOWS\SYSTEM32\WINHTTP.dll
0x00007ffa48020000 - 0x00007ffa4808a000 	C:\WINDOWS\system32\mswsock.dll
0x00007ffa2bd60000 - 0x00007ffa2bd73000 	C:\Program Files\Java\jdk-16.0.2\bin\nio.dll
0x00007ffa29020000 - 0x00007ffa29038000 	C:\Program Files\Java\jdk-16.0.2\bin\zip.dll
0x000001b90ed70000 - 0x000001b90ed73000 	C:\Users\redol\.openjfx\cache\13\api-ms-win-core-console-l1-1-0.dll
0x000001b90ed80000 - 0x000001b90ed83000 	C:\Users\redol\.openjfx\cache\13\api-ms-win-core-datetime-l1-1-0.dll
0x000001b90ed90000 - 0x000001b90ed93000 	C:\Users\redol\.openjfx\cache\13\api-ms-win-core-debug-l1-1-0.dll
0x000001b90eda0000 - 0x000001b90eda3000 	C:\Users\redol\.openjfx\cache\13\api-ms-win-core-errorhandling-l1-1-0.dll
0x000001b90edb0000 - 0x000001b90edb4000 	C:\Users\redol\.openjfx\cache\13\api-ms-win-core-file-l1-1-0.dll
0x000001b90edc0000 - 0x000001b90edc3000 	C:\Users\redol\.openjfx\cache\13\api-ms-win-core-file-l1-2-0.dll
0x000001b92bbc0000 - 0x000001b92bbc3000 	C:\Users\redol\.openjfx\cache\13\api-ms-win-core-file-l2-1-0.dll
0x000001b92bbd0000 - 0x000001b92bbd3000 	C:\Users\redol\.openjfx\cache\13\api-ms-win-core-handle-l1-1-0.dll
0x000001b92bbe0000 - 0x000001b92bbe3000 	C:\Users\redol\.openjfx\cache\13\api-ms-win-core-heap-l1-1-0.dll
0x000001b92bbf0000 - 0x000001b92bbf3000 	C:\Users\redol\.openjfx\cache\13\api-ms-win-core-interlocked-l1-1-0.dll
0x000001b92c920000 - 0x000001b92c923000 	C:\Users\redol\.openjfx\cache\13\api-ms-win-core-libraryloader-l1-1-0.dll
0x000001b92c930000 - 0x000001b92c933000 	C:\Users\redol\.openjfx\cache\13\api-ms-win-core-localization-l1-2-0.dll
0x000001b92c940000 - 0x000001b92c943000 	C:\Users\redol\.openjfx\cache\13\api-ms-win-core-memory-l1-1-0.dll
0x000001b92c950000 - 0x000001b92c953000 	C:\Users\redol\.openjfx\cache\13\api-ms-win-core-namedpipe-l1-1-0.dll
0x000001b92c960000 - 0x000001b92c963000 	C:\Users\redol\.openjfx\cache\13\api-ms-win-core-processenvironment-l1-1-0.dll
0x000001b92c970000 - 0x000001b92c973000 	C:\Users\redol\.openjfx\cache\13\api-ms-win-core-processthreads-l1-1-0.dll
0x000001b92c980000 - 0x000001b92c983000 	C:\Users\redol\.openjfx\cache\13\api-ms-win-core-processthreads-l1-1-1.dll
0x000001b92c990000 - 0x000001b92c993000 	C:\Users\redol\.openjfx\cache\13\api-ms-win-core-profile-l1-1-0.dll
0x000001b92c9a0000 - 0x000001b92c9a3000 	C:\Users\redol\.openjfx\cache\13\api-ms-win-core-rtlsupport-l1-1-0.dll
0x000001b92c9b0000 - 0x000001b92c9b3000 	C:\Users\redol\.openjfx\cache\13\api-ms-win-core-string-l1-1-0.dll
0x000001b92c9c0000 - 0x000001b92c9c3000 	C:\Users\redol\.openjfx\cache\13\api-ms-win-core-synch-l1-1-0.dll
0x000001b92c9d0000 - 0x000001b92c9d3000 	C:\Users\redol\.openjfx\cache\13\api-ms-win-core-synch-l1-2-0.dll
0x000001b92c9e0000 - 0x000001b92c9e3000 	C:\Users\redol\.openjfx\cache\13\api-ms-win-core-sysinfo-l1-1-0.dll
0x000001b92c9f0000 - 0x000001b92c9f3000 	C:\Users\redol\.openjfx\cache\13\api-ms-win-core-timezone-l1-1-0.dll
0x000001b92ca00000 - 0x000001b92ca03000 	C:\Users\redol\.openjfx\cache\13\api-ms-win-core-util-l1-1-0.dll
0x000001b92ca10000 - 0x000001b92ca13000 	C:\Users\redol\.openjfx\cache\13\api-ms-win-crt-conio-l1-1-0.dll
0x000001b92ca20000 - 0x000001b92ca24000 	C:\Users\redol\.openjfx\cache\13\api-ms-win-crt-convert-l1-1-0.dll
0x000001b92ca30000 - 0x000001b92ca33000 	C:\Users\redol\.openjfx\cache\13\api-ms-win-crt-environment-l1-1-0.dll
0x000001b92ca40000 - 0x000001b92ca43000 	C:\Users\redol\.openjfx\cache\13\api-ms-win-crt-filesystem-l1-1-0.dll
0x000001b92ca50000 - 0x000001b92ca53000 	C:\Users\redol\.openjfx\cache\13\api-ms-win-crt-heap-l1-1-0.dll
0x000001b92d260000 - 0x000001b92d263000 	C:\Users\redol\.openjfx\cache\13\api-ms-win-crt-locale-l1-1-0.dll
0x000001b92d270000 - 0x000001b92d275000 	C:\Users\redol\.openjfx\cache\13\api-ms-win-crt-math-l1-1-0.dll
0x000001b92d280000 - 0x000001b92d285000 	C:\Users\redol\.openjfx\cache\13\api-ms-win-crt-multibyte-l1-1-0.dll
0x000001b92d290000 - 0x000001b92d2a0000 	C:\Users\redol\.openjfx\cache\13\api-ms-win-crt-private-l1-1-0.dll
0x000001b92d2a0000 - 0x000001b92d2a3000 	C:\Users\redol\.openjfx\cache\13\api-ms-win-crt-process-l1-1-0.dll
0x000001b92d2b0000 - 0x000001b92d2b4000 	C:\Users\redol\.openjfx\cache\13\api-ms-win-crt-runtime-l1-1-0.dll
0x000001b92d2c0000 - 0x000001b92d2c4000 	C:\Users\redol\.openjfx\cache\13\api-ms-win-crt-stdio-l1-1-0.dll
0x000001b92d2d0000 - 0x000001b92d2d4000 	C:\Users\redol\.openjfx\cache\13\api-ms-win-crt-string-l1-1-0.dll
0x000001b92d2e0000 - 0x000001b92d2e3000 	C:\Users\redol\.openjfx\cache\13\api-ms-win-crt-time-l1-1-0.dll
0x000001b92d2f0000 - 0x000001b92d2f3000 	C:\Users\redol\.openjfx\cache\13\api-ms-win-crt-utility-l1-1-0.dll
0x00007ffa118f0000 - 0x00007ffa119ec000 	C:\Users\redol\.openjfx\cache\13\ucrtbase.dll
0x00007ffa44be0000 - 0x00007ffa44bf5000 	C:\Users\redol\.openjfx\cache\13\vcruntime140.dll
0x00007ffa11c00000 - 0x00007ffa11c9b000 	C:\Users\redol\.openjfx\cache\13\msvcp140.dll
0x00007ffa11b00000 - 0x00007ffa11b51000 	C:\Users\redol\.openjfx\cache\13\concrt140.dll
0x00007ffa1d7a0000 - 0x00007ffa1d7c3000 	C:\Users\redol\.openjfx\cache\13\prism_d3d.dll
0x00007ffa2d450000 - 0x00007ffa2d61e000 	C:\WINDOWS\system32\d3d9.dll
0x00007ffa464e0000 - 0x00007ffa4650f000 	C:\WINDOWS\SYSTEM32\dwmapi.dll
0x00007ffa462d0000 - 0x00007ffa4636e000 	C:\WINDOWS\system32\uxtheme.dll
0x00007ffa3caa0000 - 0x00007ffa3cc5b000 	C:\WINDOWS\System32\DriverStore\FileRepository\u0402263.inf_amd64_1366da2d694c570c\B400781\aticfx64.dll
0x00007ff9d5dd0000 - 0x00007ff9d5e04000 	C:\WINDOWS\System32\DriverStore\FileRepository\u0402263.inf_amd64_1366da2d694c570c\B400781\atiu9p64.dll
0x00007ff9d1e10000 - 0x00007ff9d2b57000 	C:\WINDOWS\System32\DriverStore\FileRepository\u0402263.inf_amd64_1366da2d694c570c\B400781\atiumd64.dll
0x00007ffa49e30000 - 0x00007ffa49f5b000 	C:\WINDOWS\System32\ole32.dll
0x0000000066320000 - 0x0000000067233000 	C:\WINDOWS\System32\DriverStore\FileRepository\u0402263.inf_amd64_1366da2d694c570c\B400781\atiumd6a.dll
0x00007ffa49660000 - 0x00007ffa49ace000 	C:\WINDOWS\System32\SETUPAPI.dll
0x00007ffa48f30000 - 0x00007ffa48f7e000 	C:\WINDOWS\System32\cfgmgr32.dll
0x00007ffa487e0000 - 0x00007ffa4882b000 	C:\WINDOWS\SYSTEM32\POWRPROF.dll
0x00007ffa487c0000 - 0x00007ffa487d2000 	C:\WINDOWS\SYSTEM32\UMPDC.dll
0x00007ffa3c5f0000 - 0x00007ffa3c625000 	C:\WINDOWS\SYSTEM32\amdihk64.dll
0x00007ffa12210000 - 0x00007ffa12255000 	C:\Users\redol\.openjfx\cache\13\glass.dll
0x00007ffa49f80000 - 0x00007ffa4a05a000 	C:\WINDOWS\System32\COMDLG32.dll
0x00007ffa4a200000 - 0x00007ffa4a314000 	C:\WINDOWS\System32\MSCTF.dll
0x00007ffa3d630000 - 0x00007ffa3d66b000 	C:\WINDOWS\SYSTEM32\dxcore.dll
0x00007ffa44bc0000 - 0x00007ffa44bd4000 	C:\Users\redol\.openjfx\cache\13\javafx_font.dll
0x00007ffa375a0000 - 0x00007ffa3781f000 	C:\WINDOWS\SYSTEM32\dwrite.dll
0x00007ffa495b0000 - 0x00007ffa49659000 	C:\WINDOWS\System32\clbcatq.dll
0x00007ffa460e0000 - 0x00007ffa46294000 	C:\WINDOWS\SYSTEM32\WindowsCodecs.dll
0x00007ffa18f90000 - 0x00007ffa18fce000 	C:\WINDOWS\system32\dataexchange.dll
0x00007ffa43150000 - 0x00007ffa43335000 	C:\WINDOWS\system32\dcomp.dll
0x00007ffa42c80000 - 0x00007ffa42ee3000 	C:\WINDOWS\system32\d3d11.dll
0x00007ffa471d0000 - 0x00007ffa472c2000 	C:\WINDOWS\system32\dxgi.dll
0x00007ffa44490000 - 0x00007ffa44693000 	C:\WINDOWS\system32\twinapi.appcore.dll
0x00007ff9d6e20000 - 0x00007ff9d6e54000 	C:\Program Files\Common Files\Microsoft Shared\Ink\rtscom.dll
0x00007ffa3c790000 - 0x00007ffa3c889000 	C:\WINDOWS\SYSTEM32\textinputframework.dll
0x00007ffa43340000 - 0x00007ffa4369b000 	C:\WINDOWS\System32\CoreUIComponents.dll
0x00007ffa43a20000 - 0x00007ffa43b12000 	C:\WINDOWS\System32\CoreMessaging.dll
0x00007ffa47a50000 - 0x00007ffa47a83000 	C:\WINDOWS\SYSTEM32\ntmarta.dll
0x00007ffa45630000 - 0x00007ffa45787000 	C:\WINDOWS\SYSTEM32\wintypes.dll
0x00007ffa48240000 - 0x00007ffa48258000 	C:\WINDOWS\SYSTEM32\CRYPTSP.dll
0x00007ffa47920000 - 0x00007ffa47954000 	C:\WINDOWS\system32\rsaenh.dll
0x00007ffa48870000 - 0x00007ffa4889e000 	C:\WINDOWS\SYSTEM32\USERENV.dll
0x00007ffa48230000 - 0x00007ffa4823c000 	C:\WINDOWS\SYSTEM32\CRYPTBASE.dll
0x00007ffa47cf0000 - 0x00007ffa47d2b000 	C:\WINDOWS\SYSTEM32\IPHLPAPI.DLL

dbghelp: loaded successfully - version: 4.0.5 - missing functions: none
symbol engine: initialized successfully - sym options: 0x614 - pdb path: .;C:\Program Files\Java\jdk-16.0.2\bin;C:\WINDOWS\SYSTEM32;C:\WINDOWS\WinSxS\amd64_microsoft.windows.common-controls_6595b64144ccf1df_6.0.19041.4355_none_60b8b9eb71f62e16;C:\Program Files\Java\jdk-16.0.2\bin\server;C:\Users\redol\.openjfx\cache\13;C:\WINDOWS\System32\DriverStore\FileRepository\u0402263.inf_amd64_1366da2d694c570c\B400781;C:\Program Files\Common Files\Microsoft Shared\Ink;C:\Users\redol\AppData\Local\Temp

VM Arguments:
jvm_args: --module-path=C:\Users\redol\Documents\NetBeansProjects\ProyectoAula\target\classes;C:\Users\redol\.m2\repository\io\github\typhon0\AnimateFX\1.3.0\AnimateFX-1.3.0.jar;C:\Users\redol\.m2\repository\org\openjfx\javafx-base\13\javafx-base-13-win.jar;C:\Users\redol\.m2\repository\org\openjfx\javafx-controls\13\javafx-controls-13-win.jar;C:\Users\redol\.m2\repository\org\openjfx\javafx-fxml\13\javafx-fxml-13-win.jar;C:\Users\redol\.m2\repository\org\openjfx\javafx-graphics\13\javafx-graphics-13-win.jar --add-modules=com.mycompany.proyectoaula -Djdk.module.main=com.mycompany.proyectoaula 
java_command: com.mycompany.proyectoaula/com.mycompany.proyectoaula.App
java_class_path (initial): C:\Users\redol\Documents\NetBeansProjects\ProyectoAula\target\classes;C:\Users\redol\.m2\repository\org\openjfx\javafx-base\13\javafx-base-13.jar;C:\Users\redol\.m2\repository\org\openjfx\javafx-controls\13\javafx-controls-13.jar;C:\Users\redol\.m2\repository\org\openjfx\javafx-fxml\13\javafx-fxml-13.jar;C:\Users\redol\.m2\repository\org\openjfx\javafx-graphics\13\javafx-graphics-13.jar;C:\Users\redol\.m2\repository\org\xerial\sqlite-jdbc\3.46.0.0\sqlite-jdbc-3.46.0.0.jar
Launcher Type: SUN_STANDARD

[Global flags]
     intx CICompilerCount                          = 4                                         {product} {ergonomic}
     uint ConcGCThreads                            = 2                                         {product} {ergonomic}
     uint G1ConcRefinementThreads                  = 8                                         {product} {ergonomic}
   size_t G1HeapRegionSize                         = 1048576                                   {product} {ergonomic}
    uintx GCDrainStackTargetSize                   = 64                                        {product} {ergonomic}
   size_t InitialHeapSize                          = 100663296                                 {product} {ergonomic}
   size_t MarkStackSize                            = 4194304                                   {product} {ergonomic}
   size_t MaxHeapSize                              = 1598029824                                {product} {ergonomic}
   size_t MaxNewSize                               = 958398464                                 {product} {ergonomic}
   size_t MinHeapDeltaBytes                        = 1048576                                   {product} {ergonomic}
   size_t MinHeapSize                              = 8388608                                   {product} {ergonomic}
    uintx NonNMethodCodeHeapSize                   = 5839372                                {pd product} {ergonomic}
    uintx NonProfiledCodeHeapSize                  = 122909434                              {pd product} {ergonomic}
    uintx ProfiledCodeHeapSize                     = 122909434                              {pd product} {ergonomic}
    uintx ReservedCodeCacheSize                    = 251658240                              {pd product} {ergonomic}
     bool SegmentedCodeCache                       = true                                      {product} {ergonomic}
   size_t SoftMaxHeapSize                          = 1598029824                             {manageable} {ergonomic}
     bool UseCompressedClassPointers               = true                           {product lp64_product} {ergonomic}
     bool UseCompressedOops                        = true                           {product lp64_product} {ergonomic}
     bool UseG1GC                                  = true                                      {product} {ergonomic}
     bool UseLargePagesIndividualAllocation        = false                                  {pd product} {ergonomic}

Logging:
Log output configuration:
 #0: stdout all=warning uptime,level,tags
 #1: stderr all=off uptime,level,tags

Environment Variables:
JAVA_HOME=C:\Program Files\Java\jdk-16.0.2
PATH=C:\Program Files\Common Files\Oracle\Java\javapath;C:\ProgramData\Oracle\Java\javapath;C:\WINDOWS\system32;C:\WINDOWS;C:\WINDOWS\System32\Wbem;C:\WINDOWS\System32\WindowsPowerShell\v1.0\;C:\WINDOWS\System32\OpenSSH\;C:\Program Files\nodejs\;C:\Users\redol\AppData\Local\Programs\Python\Python311;C:\Users\redol\AppData\Local\Programs\Python\Python311\Scripts;C:\Program Files\dotnet\;C:\Program Files\Git\cmd;C:\Program Files\php-8.3.0-nts-Win32-vs16-x64;C:\composer;C:\Users\redol\AppData\Local\Programs\Python\Python311\Scripts\;C:\Users\redol\AppData\Local\Programs\Python\Python311\;C:\Program Files\MySQL\MySQL Shell 8.0\bin\;C:\Users\redol\AppData\Local\Microsoft\WindowsApps;C:\ProgramData\Ramon\GitHubDesktop\bin;C:\ProgramData\Ramon\atom\bin;C:\Users\redol\AppData\Roaming\npm;C:\Users\redol\AppData\Local\Programs\Microsoft VS Code\bin;C:\Users\redol\.dotnet\tools;C:\Users\redol\AppData\Roaming\Composer\vendor\bin;C:\Users\redol\AppData\Local\GitHubDesktop\bin
USERNAME=Ramon
OS=Windows_NT
PROCESSOR_IDENTIFIER=AMD64 Family 23 Model 24 Stepping 1, AuthenticAMD



---------------  S Y S T E M  ---------------

OS:
 Windows 10 , 64 bit Build 19041 (10.0.19041.3636)
OS uptime: 0 days 15:03 hours
Hyper-V role detected

CPU: total 8 (initial active 8) (8 cores per cpu, 2 threads per core) family 23 model 24 stepping 1 microcode 0x0, cx8, cmov, fxsr, ht, mmx, 3dnowpref, sse, sse2, sse3, ssse3, sse4a, sse4.1, sse4.2, popcnt, lzcnt, tsc, tscinvbit, avx, avx2, aes, clmul, bmi1, bmi2, adx, sha, fma, vzeroupper, clflush, clflushopt, hv

Memory: 4k page, system-wide physical 6091M (236M free)
TotalPageFile size 16091M (AvailPageFile size 6M)
current process WorkingSet (physical memory assigned to process): 229M, peak: 234M
current process commit charge ("private bytes"): 435M, peak: 438M

vm_info: Java HotSpot(TM) 64-Bit Server VM (16.0.2+7-67) for windows-amd64 JRE (16.0.2+7-67), built on Jun  8 2021 23:24:19 by "mach5one" with MS VC++ 16.7 (VS2019)

END.
