#
# There is insufficient memory for the Java Runtime Environment to continue.
# Native memory allocation (mmap) failed to map 100663296 bytes for G1 virtual space
# Possible reasons:
#   The system is out of physical RAM or swap space
#   The process is running with CompressedOops enabled, and the Java Heap may be blocking the growth of the native heap
# Possible solutions:
#   Reduce memory load on the system
#   Increase physical memory or swap space
#   Check if swap backing store is full
#   Decrease Java heap size (-Xmx/-Xms)
#   Decrease number of Java threads
#   Decrease Java thread stack sizes (-Xss)
#   Set larger code cache with -XX:ReservedCodeCacheSize=
#   JVM is running with Unscaled Compressed Oops mode in which the Java heap is
#     placed in the first 4GB address space. The Java Heap base address is the
#     maximum limit for the native heap growth. Please use -XX:HeapBaseMinAddress
#     to set the Java Heap base and to place the Java Heap above 4GB virtual address.
# This output file may be truncated or incomplete.
#
#  Out of Memory Error (os_windows.cpp:3466), pid=9084, tid=12080
#
# JRE version:  (16.0.2+7) (build )
# Java VM: Java HotSpot(TM) 64-Bit Server VM (16.0.2+7-67, mixed mode, sharing, tiered, compressed oops, compressed class ptrs, g1 gc, windows-amd64)
# No core dump will be written. Minidumps are not enabled by default on client versions of Windows
#

---------------  S U M M A R Y ------------

Command Line: -Dclassworlds.conf=C:\Program Files\NetBeans-21\netbeans\java\maven\bin\m2.conf -Dmaven.home=C:\Program Files\NetBeans-21\netbeans\java\maven -Dlibrary.jansi.path=C:\Program Files\NetBeans-21\netbeans\java\maven\lib\jansi-native -Dmaven.multiModuleProjectDirectory=C:\Users\redol\Documents\NetBeansProjects\ProyectoAula org.codehaus.plexus.classworlds.launcher.Launcher -Dexec.vmArgs= -Dexec.appArgs= -Dmaven.ext.class.path=C:\Program Files\NetBeans-21\netbeans\java\maven-nblib\netbeans-eventspy.jar -Dfile.encoding=UTF-8 --no-transfer-progress clean javafx:run

Host: AMD Ryzen 5 3500U with Radeon Vega Mobile Gfx  , 8 cores, 5G,  Windows 10 , 64 bit Build 19041 (10.0.19041.3636)
Time: Mon Jun 17 04:37:17 2024 Hora est. Pacífico, Sudamérica elapsed time: 0.020457 seconds (0d 0h 0m 0s)

---------------  T H R E A D  ---------------

Current thread (0x000001f7376c8dc0):  JavaThread "Unknown thread" [_thread_in_vm, id=12080, stack(0x0000003fcc900000,0x0000003fcca00000)]

Stack: [0x0000003fcc900000,0x0000003fcca00000]
Native frames: (J=compiled Java code, j=interpreted, Vv=VM code, C=native code)
V  [jvm.dll+0x6681ca]
V  [jvm.dll+0x7c9e69]
V  [jvm.dll+0x7cb61e]
V  [jvm.dll+0x7cbc73]
V  [jvm.dll+0x242c55]
V  [jvm.dll+0x664f89]
V  [jvm.dll+0x659b75]
V  [jvm.dll+0x2fbfbb]
V  [jvm.dll+0x3031b6]
V  [jvm.dll+0x35299e]
V  [jvm.dll+0x352bcf]
V  [jvm.dll+0x2d3028]
V  [jvm.dll+0x2d4264]
V  [jvm.dll+0x79c741]
V  [jvm.dll+0x360791]
V  [jvm.dll+0x77a3f0]
V  [jvm.dll+0x3e4e8f]
V  [jvm.dll+0x3e6961]
C  [jli.dll+0x52fb]
C  [ucrtbase.dll+0x21bb2]
C  [KERNEL32.DLL+0x17344]
C  [ntdll.dll+0x4cc91]


---------------  P R O C E S S  ---------------

Threads class SMR info:
_java_thread_list=0x00007ff9f501cbb8, length=0, elements={
}

Java Threads: ( => current thread )

Other Threads:
  0x000001f7376fbee0 GCTaskThread "GC Thread#0" [stack: 0x0000003fcca00000,0x0000003fccb00000] [id=13236]
  0x000001f73770bce0 ConcurrentGCThread "G1 Main Marker" [stack: 0x0000003fccb00000,0x0000003fccc00000] [id=4708]
  0x000001f73770ce00 ConcurrentGCThread "G1 Conc#0" [stack: 0x0000003fccc00000,0x0000003fccd00000] [id=11840]

[error occurred during error reporting (printing all threads), id 0xc0000005, EXCEPTION_ACCESS_VIOLATION (0xc0000005) at pc=0x00007ff9f47f3ee7]

VM state: not at safepoint (not fully initialized)

VM Mutex/Monitor currently owned by a thread:  ([mutex/lock_event])
[0x000001f7376c62c0] Heap_lock - owner thread: 0x000001f7376c8dc0

Heap address: 0x00000000a0c00000, size: 1524 MB, Compressed Oops mode: 32-bit

CDS archive(s) mapped at: [0x0000000000000000-0x0000000000000000-0x0000000000000000), size 0, SharedBaseAddress: 0x0000000800000000, ArchiveRelocationMode: 0.
Narrow klass base: 0x0000000000000000, Narrow klass shift: 0, Narrow klass range: 0x0

GC Precious Log:
<Empty>

Heap:
 garbage-first heap   total 0K, used 0K [0x00000000a0c00000, 0x0000000100000000)
  region size 1024K, 0 young (0K), 0 survivors (0K)

[error occurred during error reporting (printing heap information), id 0xc0000005, EXCEPTION_ACCESS_VIOLATION (0xc0000005) at pc=0x00007ff9f4bd1eed]

GC Heap History (0 events):
No events

Deoptimization events (0 events):
No events

Classes unloaded (0 events):
No events

Classes redefined (0 events):
No events

Internal exceptions (0 events):
No events

Events (1 events):
Event: 0.012 Loaded shared library C:\Program Files\Java\jdk-16.0.2\bin\java.dll


Dynamic libraries:
0x00007ff6f0420000 - 0x00007ff6f0430000 	C:\Program Files\Java\jdk-16.0.2\bin\java.exe
0x00007ffa4b2d0000 - 0x00007ffa4b4c8000 	C:\WINDOWS\SYSTEM32\ntdll.dll
0x00007ffa4b020000 - 0x00007ffa4b0dd000 	C:\WINDOWS\System32\KERNEL32.DLL
0x00007ffa48f80000 - 0x00007ffa49276000 	C:\WINDOWS\System32\KERNELBASE.dll
0x00007ffa48990000 - 0x00007ffa48a90000 	C:\WINDOWS\System32\ucrtbase.dll
0x00007ffa401c0000 - 0x00007ffa401d9000 	C:\Program Files\Java\jdk-16.0.2\bin\VCRUNTIME140.dll
0x00007ffa44820000 - 0x00007ffa44838000 	C:\Program Files\Java\jdk-16.0.2\bin\jli.dll
0x00007ffa49500000 - 0x00007ffa495b0000 	C:\WINDOWS\System32\ADVAPI32.dll
0x00007ffa4b1f0000 - 0x00007ffa4b28e000 	C:\WINDOWS\System32\msvcrt.dll
0x00007ffa49350000 - 0x00007ffa493f0000 	C:\WINDOWS\System32\sechost.dll
0x00007ffa4a3a0000 - 0x00007ffa4a4c3000 	C:\WINDOWS\System32\RPCRT4.dll
0x00007ffa48d00000 - 0x00007ffa48d27000 	C:\WINDOWS\System32\bcrypt.dll
0x00007ffa4a060000 - 0x00007ffa4a1ff000 	C:\WINDOWS\System32\USER32.dll
0x00007ffa36360000 - 0x00007ffa365fa000 	C:\WINDOWS\WinSxS\amd64_microsoft.windows.common-controls_6595b64144ccf1df_6.0.19041.4355_none_60b8b9eb71f62e16\COMCTL32.dll
0x00007ffa48d30000 - 0x00007ffa48d52000 	C:\WINDOWS\System32\win32u.dll
0x00007ffa49320000 - 0x00007ffa4934b000 	C:\WINDOWS\System32\GDI32.dll
0x00007ffa48d60000 - 0x00007ffa48e77000 	C:\WINDOWS\System32\gdi32full.dll
0x00007ffa48c60000 - 0x00007ffa48cfd000 	C:\WINDOWS\System32\msvcp_win.dll
0x00007ffa3f060000 - 0x00007ffa3f06a000 	C:\WINDOWS\SYSTEM32\VERSION.dll
0x00007ffa494d0000 - 0x00007ffa494ff000 	C:\WINDOWS\System32\IMM32.DLL
0x00007ffa41630000 - 0x00007ffa4163c000 	C:\Program Files\Java\jdk-16.0.2\bin\vcruntime140_1.dll
0x00007ff9f7950000 - 0x00007ff9f79e1000 	C:\Program Files\Java\jdk-16.0.2\bin\msvcp140.dll
0x00007ff9f4510000 - 0x00007ff9f50bb000 	C:\Program Files\Java\jdk-16.0.2\bin\server\jvm.dll
0x00007ffa49310000 - 0x00007ffa49318000 	C:\WINDOWS\System32\PSAPI.DLL
0x00007ffa42f90000 - 0x00007ffa42f99000 	C:\WINDOWS\SYSTEM32\WSOCK32.dll
0x00007ffa3ca70000 - 0x00007ffa3ca97000 	C:\WINDOWS\SYSTEM32\WINMM.dll
0x00007ffa4a320000 - 0x00007ffa4a38b000 	C:\WINDOWS\System32\WS2_32.dll
0x00007ffa467d0000 - 0x00007ffa467e2000 	C:\WINDOWS\SYSTEM32\kernel.appcore.dll
0x00007ffa36730000 - 0x00007ffa3673a000 	C:\Program Files\Java\jdk-16.0.2\bin\jimage.dll
0x00007ffa3e4e0000 - 0x00007ffa3e6c4000 	C:\WINDOWS\SYSTEM32\DBGHELP.DLL
0x00007ffa2ff00000 - 0x00007ffa2ff34000 	C:\WINDOWS\SYSTEM32\dbgcore.DLL
0x00007ffa49280000 - 0x00007ffa49302000 	C:\WINDOWS\System32\bcryptPrimitives.dll
0x00007ffa1efa0000 - 0x00007ffa1efc5000 	C:\Program Files\Java\jdk-16.0.2\bin\java.dll

dbghelp: loaded successfully - version: 4.0.5 - missing functions: none
symbol engine: initialized successfully - sym options: 0x614 - pdb path: .;C:\Program Files\Java\jdk-16.0.2\bin;C:\WINDOWS\SYSTEM32;C:\WINDOWS\WinSxS\amd64_microsoft.windows.common-controls_6595b64144ccf1df_6.0.19041.4355_none_60b8b9eb71f62e16;C:\Program Files\Java\jdk-16.0.2\bin\server

VM Arguments:
jvm_args: -Dclassworlds.conf=C:\Program Files\NetBeans-21\netbeans\java\maven\bin\m2.conf -Dmaven.home=C:\Program Files\NetBeans-21\netbeans\java\maven -Dlibrary.jansi.path=C:\Program Files\NetBeans-21\netbeans\java\maven\lib\jansi-native -Dmaven.multiModuleProjectDirectory=C:\Users\redol\Documents\NetBeansProjects\ProyectoAula 
java_command: org.codehaus.plexus.classworlds.launcher.Launcher -Dexec.vmArgs= -Dexec.appArgs= -Dmaven.ext.class.path=C:\Program Files\NetBeans-21\netbeans\java\maven-nblib\netbeans-eventspy.jar -Dfile.encoding=UTF-8 --no-transfer-progress clean javafx:run
java_class_path (initial): C:\Program Files\NetBeans-21\netbeans\java\maven\boot\plexus-classworlds-2.7.0.jar
Launcher Type: SUN_STANDARD

[Global flags]
     intx CICompilerCount                          = 4                                         {product} {ergonomic}
     uint ConcGCThreads                            = 2                                         {product} {ergonomic}
     uint G1ConcRefinementThreads                  = 8                                         {product} {ergonomic}
   size_t G1HeapRegionSize                         = 1048576                                   {product} {ergonomic}
    uintx GCDrainStackTargetSize                   = 64                                        {product} {ergonomic}
   size_t InitialHeapSize                          = 100663296                                 {product} {ergonomic}
   size_t MarkStackSize                            = 4194304                                   {product} {ergonomic}
   size_t MaxHeapSize                              = 1598029824                                {product} {ergonomic}
   size_t MinHeapDeltaBytes                        = 1048576                                   {product} {ergonomic}
   size_t MinHeapSize                              = 8388608                                   {product} {ergonomic}
    uintx NonNMethodCodeHeapSize                   = 5839372                                {pd product} {ergonomic}
    uintx NonProfiledCodeHeapSize                  = 122909434                              {pd product} {ergonomic}
    uintx ProfiledCodeHeapSize                     = 122909434                              {pd product} {ergonomic}
    uintx ReservedCodeCacheSize                    = 251658240                              {pd product} {ergonomic}
     bool SegmentedCodeCache                       = true                                      {product} {ergonomic}
   size_t SoftMaxHeapSize                          = 1598029824                             {manageable} {ergonomic}
     bool UseCompressedClassPointers               = true                           {product lp64_product} {ergonomic}
     bool UseCompressedOops                        = true                           {product lp64_product} {ergonomic}
     bool UseG1GC                                  = true                                      {product} {ergonomic}
     bool UseLargePagesIndividualAllocation        = false                                  {pd product} {ergonomic}

Logging:
Log output configuration:
 #0: stdout all=warning uptime,level,tags
 #1: stderr all=off uptime,level,tags

Environment Variables:
JAVA_HOME=C:\Program Files\Java\jdk-16.0.2
PATH=C:\Program Files\Common Files\Oracle\Java\javapath;C:\ProgramData\Oracle\Java\javapath;C:\WINDOWS\system32;C:\WINDOWS;C:\WINDOWS\System32\Wbem;C:\WINDOWS\System32\WindowsPowerShell\v1.0\;C:\WINDOWS\System32\OpenSSH\;C:\Program Files\nodejs\;C:\Users\redol\AppData\Local\Programs\Python\Python311;C:\Users\redol\AppData\Local\Programs\Python\Python311\Scripts;C:\Program Files\dotnet\;C:\Program Files\Git\cmd;C:\Program Files\php-8.3.0-nts-Win32-vs16-x64;C:\composer;C:\Users\redol\AppData\Local\Programs\Python\Python311\Scripts\;C:\Users\redol\AppData\Local\Programs\Python\Python311\;C:\Program Files\MySQL\MySQL Shell 8.0\bin\;C:\Users\redol\AppData\Local\Microsoft\WindowsApps;C:\ProgramData\Ramon\GitHubDesktop\bin;C:\ProgramData\Ramon\atom\bin;C:\Users\redol\AppData\Roaming\npm;C:\Users\redol\AppData\Local\Programs\Microsoft VS Code\bin;C:\Users\redol\.dotnet\tools;C:\Users\redol\AppData\Roaming\Composer\vendor\bin;C:\Users\redol\AppData\Local\GitHubDesktop\bin
USERNAME=Ramon
OS=Windows_NT
PROCESSOR_IDENTIFIER=AMD64 Family 23 Model 24 Stepping 1, AuthenticAMD



---------------  S Y S T E M  ---------------

OS:
 Windows 10 , 64 bit Build 19041 (10.0.19041.3636)
OS uptime: 0 days 14:08 hours
Hyper-V role detected

CPU: total 8 (initial active 8) (8 cores per cpu, 2 threads per core) family 23 model 24 stepping 1 microcode 0x0, cx8, cmov, fxsr, ht, mmx, 3dnowpref, sse, sse2, sse3, ssse3, sse4a, sse4.1, sse4.2, popcnt, lzcnt, tsc, tscinvbit, avx, avx2, aes, clmul, bmi1, bmi2, adx, sha, fma, vzeroupper, clflush, clflushopt, hv

Memory: 4k page, system-wide physical 6091M (349M free)
TotalPageFile size 16091M (AvailPageFile size 44M)
current process WorkingSet (physical memory assigned to process): 10M, peak: 10M
current process commit charge ("private bytes"): 60M, peak: 155M

vm_info: Java HotSpot(TM) 64-Bit Server VM (16.0.2+7-67) for windows-amd64 JRE (16.0.2+7-67), built on Jun  8 2021 23:24:19 by "mach5one" with MS VC++ 16.7 (VS2019)

END.
